============================= test session starts ==============================
platform darwin -- Python 3.13.11, pytest-9.0.2, pluggy-1.5.0 -- /Users/zhangkuo/miniconda3/bin/python
cachedir: .pytest_cache
rootdir: /Users/zhangkuo/TradingView Indicator/trading_system
configfile: pyproject.toml
plugins: anyio-4.12.1, asyncio-1.3.0, cov-7.0.0
asyncio: mode=Mode.AUTO, debug=False, asyncio_default_fixture_loop_scope=function, asyncio_default_test_loop_scope=function
collecting ... collected 8 items

tests/integration/test_phase12_b1_dashboard.py::test_dashboard_decisions_200_and_fields PASSED [ 12%]
tests/integration/test_phase12_b1_dashboard.py::test_dashboard_executions_200_and_fields PASSED [ 25%]
tests/integration/test_phase12_b1_dashboard.py::test_dashboard_summary_no_trade_returns_zero PASSED [ 37%]
tests/integration/test_phase12_b1_dashboard.py::test_dashboard_decisions_invalid_from_400 PASSED [ 50%]
tests/integration/test_phase12_b1_dashboard.py::test_dashboard_executions_invalid_to_400 PASSED [ 62%]
tests/integration/test_phase12_b1_dashboard.py::test_dashboard_summary_with_trade PASSED [ 75%]
tests/integration/test_phase12_b1_dashboard.py::test_dashboard_recent_200_and_limit PASSED [ 87%]
tests/integration/test_phase12_b1_dashboard.py::test_dashboard_decisions_limit_enforced PASSED [100%]

============================== 8 passed in 0.78s ===============================
