============================= test session starts ==============================
platform darwin -- Python 3.13.11, pytest-9.0.2, pluggy-1.5.0 -- /Users/zhangkuo/miniconda3/bin/python
cachedir: .pytest_cache
rootdir: /Users/zhangkuo/TradingView Indicator/trading_system
configfile: pyproject.toml
plugins: anyio-4.12.1, asyncio-1.3.0, cov-7.0.0
asyncio: mode=Mode.AUTO, debug=False, asyncio_default_fixture_loop_scope=function, asyncio_default_test_loop_scope=function
collecting ... collected 3 items

tests/integration/test_phase12_c8_list_traces.py::test_list_traces_partial_missing_decision_snapshot PASSED [ 33%]
tests/integration/test_phase12_c8_list_traces.py::test_list_traces_partial_missing_trade PASSED [ 66%]
tests/integration/test_phase12_c8_list_traces.py::test_audit_log_query_interface_matches_log_repository PASSED [100%]

============================== 3 passed in 0.10s ===============================
