============================= test session starts ==============================
platform darwin -- Python 3.11.7, pytest-9.0.2, pluggy-1.6.0 -- /Library/Frameworks/Python.framework/Versions/3.11/bin/python3
cachedir: .pytest_cache
rootdir: /Users/zhangkuo/TradingView Indicator/trading_system
configfile: pyproject.toml
plugins: anyio-4.12.1, asyncio-1.3.0, cov-7.0.0
asyncio: mode=Mode.AUTO, debug=False, asyncio_default_fixture_loop_scope=function, asyncio_default_test_loop_scope=function
collecting ... collected 5 items

tests/integration/test_phase12_c8_list_traces.py::test_list_traces_partial_missing_decision_snapshot PASSED [ 20%]
tests/integration/test_phase12_c8_list_traces.py::test_list_traces_partial_missing_trade PASSED [ 40%]
tests/integration/test_phase12_c8_list_traces.py::test_audit_log_query_interface_matches_log_repository PASSED [ 60%]
tests/integration/test_phase12_c8_list_traces.py::test_audit_traces_400_param_error PASSED [ 80%]
tests/integration/test_phase12_c8_list_traces.py::test_audit_traces_500_service_exception PASSED [100%]

============================== 5 passed in 0.37s ===============================
