============================= test session starts ==============================
platform darwin -- Python 3.11.7, pytest-9.0.2, pluggy-1.6.0 -- /Library/Frameworks/Python.framework/Versions/3.11/bin/python3
cachedir: .pytest_cache
rootdir: /Users/zhangkuo/TradingView Indicator/trading_system
configfile: pyproject.toml
plugins: anyio-4.12.1, asyncio-1.3.0, cov-7.0.0
asyncio: mode=Mode.AUTO, debug=False, asyncio_default_fixture_loop_scope=function, asyncio_default_test_loop_scope=function
collecting ... collected 3 items

tests/integration/test_phase12_d3_dashboard_verification.py::test_d3_dashboard_page_returns_200_and_shows_sections PASSED [ 33%]
tests/integration/test_phase12_d3_dashboard_verification.py::test_d3_dashboard_page_data_from_api_only PASSED [ 66%]
tests/integration/test_phase12_d3_dashboard_verification.py::test_d3_dashboard_apis_return_consistent_structure PASSED [100%]

============================== 3 passed in 1.00s ===============================
