============================= test session starts ==============================
platform darwin -- Python 3.11.7, pytest-9.0.2, pluggy-1.6.0 -- /Library/Frameworks/Python.framework/Versions/3.11/bin/python3
cachedir: .pytest_cache
rootdir: /Users/zhangkuo/TradingView Indicator/trading_system
configfile: pyproject.toml
plugins: anyio-4.12.1, asyncio-1.3.0, cov-7.0.0
asyncio: mode=Mode.AUTO, debug=False, asyncio_default_fixture_loop_scope=function, asyncio_default_test_loop_scope=function
collecting ... collected 5 items

tests/integration/test_phase12_d5_trace_partial_verification.py::test_d5_decision_no_execution_partial_body_has_signal_decision_snapshot PASSED [ 20%]
tests/integration/test_phase12_d5_trace_partial_verification.py::test_d5_decision_no_snapshot_partial_missing_decision_snapshot PASSED [ 40%]
tests/integration/test_phase12_d5_trace_partial_verification.py::test_d5_execution_no_trade_partial_missing_trade PASSED [ 60%]
tests/integration/test_phase12_d5_trace_partial_verification.py::test_d5_nonexistent_signal_id_404_or_not_found PASSED [ 80%]
tests/integration/test_phase12_d5_trace_partial_verification.py::test_d5_partial_not_404_and_has_trace_status_missing_nodes PASSED [100%]

============================== 5 passed in 0.88s ===============================
