============================= test session starts ==============================
platform darwin -- Python 3.11.7, pytest-9.0.2, pluggy-1.6.0
rootdir: /Users/zhangkuo/TradingView Indicator/trading_system
configfile: pyproject.toml
plugins: anyio-4.12.1, asyncio-1.3.0, cov-7.0.0
asyncio: mode=Mode.AUTO, debug=False, asyncio_default_fixture_loop_scope=function, asyncio_default_test_loop_scope=function
collected 45 items

tests/e2e/test_e2e_phase2_main_flow.py .                                 [  2%]
tests/e2e/test_e2e_phase2_version_compare.py .                           [  4%]
tests/e2e/test_e2e_phase2_constraint_violation.py .                      [  6%]
tests/e2e/test_e2e_phase2_report_query.py .                              [  8%]
tests/e2e/test_e2e_phase2_trace_integrity.py .                           [ 11%]
tests/integration/test_phase20_d1_e2e.py .                               [ 13%]
tests/integration/test_phase20_d8_health_observability.py ..             [ 17%]
tests/integration/test_failed_trace.py .                                 [ 20%]
tests/unit/test_health_check.py .....                                    [ 31%]
tests/unit/test_security_rendering.py ..............                     [ 62%]
tests/unit/phase2/test_metrics_calculator.py ......                      [ 75%]
tests/unit/phase2/test_evaluator.py ...........                          [100%]

============================== 45 passed in 0.81s ==============================
